Performing C SOURCE FILE Test CMAKE_HAVE_LIBC_PTHREAD failed with the following output:
Change Dir: /home/hibban/CLionProjects/TeamPog-CS3505/cmake-build-debug/CMakeFiles/CMakeTmp

Run Build Command(s):/bin/make cmTC_3e883/fast && /bin/make  -f CMakeFiles/cmTC_3e883.dir/build.make CMakeFiles/cmTC_3e883.dir/build
make[1]: Entering directory '/home/hibban/CLionProjects/TeamPog-CS3505/cmake-build-debug/CMakeFiles/CMakeTmp'
Building C object CMakeFiles/cmTC_3e883.dir/src.c.o
/bin/cc -DCMAKE_HAVE_LIBC_PTHREAD   -o CMakeFiles/cmTC_3e883.dir/src.c.o -c /home/hibban/CLionProjects/TeamPog-CS3505/cmake-build-debug/CMakeFiles/CMakeTmp/src.c
Linking C executable cmTC_3e883
/var/lib/snapd/snap/clion/151/bin/cmake/linux/bin/cmake -E cmake_link_script CMakeFiles/cmTC_3e883.dir/link.txt --verbose=1
/bin/cc CMakeFiles/cmTC_3e883.dir/src.c.o -o cmTC_3e883 
/usr/bin/ld: CMakeFiles/cmTC_3e883.dir/src.c.o: in function `main':
src.c:(.text+0x3e): undefined reference to `pthread_create'
/usr/bin/ld: src.c:(.text+0x4a): undefined reference to `pthread_detach'
/usr/bin/ld: src.c:(.text+0x56): undefined reference to `pthread_cancel'
/usr/bin/ld: src.c:(.text+0x67): undefined reference to `pthread_join'
collect2: error: ld returned 1 exit status
make[1]: *** [CMakeFiles/cmTC_3e883.dir/build.make:106: cmTC_3e883] Error 1
make[1]: Leaving directory '/home/hibban/CLionProjects/TeamPog-CS3505/cmake-build-debug/CMakeFiles/CMakeTmp'
make: *** [Makefile:140: cmTC_3e883/fast] Error 2


Source file was:
#include <pthread.h>

static void* test_func(void* data)
{
  return data;
}

int main(void)
{
  pthread_t thread;
  pthread_create(&thread, NULL, test_func, NULL);
  pthread_detach(thread);
  pthread_cancel(thread);
  pthread_join(thread, NULL);
  pthread_atfork(NULL, NULL, NULL);
  pthread_exit(NULL);

  return 0;
}

Determining if the function pthread_create exists in the pthreads failed with the following output:
Change Dir: /home/hibban/CLionProjects/TeamPog-CS3505/cmake-build-debug/CMakeFiles/CMakeTmp

Run Build Command(s):/bin/make cmTC_a9c74/fast && /bin/make  -f CMakeFiles/cmTC_a9c74.dir/build.make CMakeFiles/cmTC_a9c74.dir/build
make[1]: Entering directory '/home/hibban/CLionProjects/TeamPog-CS3505/cmake-build-debug/CMakeFiles/CMakeTmp'
Building C object CMakeFiles/cmTC_a9c74.dir/CheckFunctionExists.c.o
/bin/cc   -DCHECK_FUNCTION_EXISTS=pthread_create -o CMakeFiles/cmTC_a9c74.dir/CheckFunctionExists.c.o -c /var/lib/snapd/snap/clion/151/bin/cmake/linux/share/cmake-3.19/Modules/CheckFunctionExists.c
Linking C executable cmTC_a9c74
/var/lib/snapd/snap/clion/151/bin/cmake/linux/bin/cmake -E cmake_link_script CMakeFiles/cmTC_a9c74.dir/link.txt --verbose=1
/bin/cc  -DCHECK_FUNCTION_EXISTS=pthread_create CMakeFiles/cmTC_a9c74.dir/CheckFunctionExists.c.o -o cmTC_a9c74  -lpthreads 
/usr/bin/ld: cannot find -lpthreads
collect2: error: ld returned 1 exit status
make[1]: *** [CMakeFiles/cmTC_a9c74.dir/build.make:106: cmTC_a9c74] Error 1
make[1]: Leaving directory '/home/hibban/CLionProjects/TeamPog-CS3505/cmake-build-debug/CMakeFiles/CMakeTmp'
make: *** [Makefile:140: cmTC_a9c74/fast] Error 2



